Using pre-set license
Built from '2021.3/release' branch; Version is '2021.3.12f1 (8af3c3e441b1) revision 9106371'; Using compiler version '192829333'; Build Type 'Release'
OS: 'Windows 10  (10.0.19045) 64bit Professional' Language: 'en' Physical Memory: 16315 MB
BatchMode: 1, IsHumanControllingUs: 0, StartBugReporterOnCrash: 0, Is64bit: 1, IsPro: 1

COMMAND LINE ARGUMENTS:
C:\Program Files\Unity\Hub\Editor\2021.3.12f1\Editor\Unity.exe
-adb2
-batchMode
-noUpm
-name
AssetImportWorker6
-projectPath
C:/Users/Administrator/Desktop/Code/gaming/RPG/RPGSandbox/RPGInventory
-logFile
Logs/AssetImportWorker6.log
-srvPort
57568
Successfully changed project path to: C:/Users/Administrator/Desktop/Code/gaming/RPG/RPGSandbox/RPGInventory
C:/Users/Administrator/Desktop/Code/gaming/RPG/RPGSandbox/RPGInventory
[UnityMemory] Configuration Parameters - Can be set up in boot.config
    "memorysetup-bucket-allocator-granularity=16"
    "memorysetup-bucket-allocator-bucket-count=8"
    "memorysetup-bucket-allocator-block-size=33554432"
    "memorysetup-bucket-allocator-block-count=8"
    "memorysetup-main-allocator-block-size=16777216"
    "memorysetup-thread-allocator-block-size=16777216"
    "memorysetup-gfx-main-allocator-block-size=16777216"
    "memorysetup-gfx-thread-allocator-block-size=16777216"
    "memorysetup-cache-allocator-block-size=4194304"
    "memorysetup-typetree-allocator-block-size=2097152"
    "memorysetup-profiler-bucket-allocator-granularity=16"
    "memorysetup-profiler-bucket-allocator-bucket-count=8"
    "memorysetup-profiler-bucket-allocator-block-size=33554432"
    "memorysetup-profiler-bucket-allocator-block-count=8"
    "memorysetup-profiler-allocator-block-size=16777216"
    "memorysetup-profiler-editor-allocator-block-size=1048576"
    "memorysetup-temp-allocator-size-main=16777216"
    "memorysetup-job-temp-allocator-block-size=2097152"
    "memorysetup-job-temp-allocator-block-size-background=1048576"
    "memorysetup-job-temp-allocator-reduction-small-platforms=262144"
    "memorysetup-temp-allocator-size-background-worker=32768"
    "memorysetup-temp-allocator-size-job-worker=262144"
    "memorysetup-temp-allocator-size-preload-manager=33554432"
    "memorysetup-temp-allocator-size-nav-mesh-worker=65536"
    "memorysetup-temp-allocator-size-audio-worker=65536"
    "memorysetup-temp-allocator-size-cloud-worker=32768"
    "memorysetup-temp-allocator-size-gi-baking-worker=262144"
    "memorysetup-temp-allocator-size-gfx=262144"
Refreshing native plugins compatible for Editor in 26.72 ms, found 0 plugins.
Preloading 0 native plugins for Editor in 0.00 ms.
Initialize engine version: 2021.3.12f1 (8af3c3e441b1)
[Subsystems] Discovering subsystems at path C:/Program Files/Unity/Hub/Editor/2021.3.12f1/Editor/Data/Resources/UnitySubsystems
[Subsystems] Discovering subsystems at path C:/Users/Administrator/Desktop/Code/gaming/RPG/RPGSandbox/RPGInventory/Assets
GfxDevice: creating device client; threaded=0; jobified=0
Direct3D:
    Version:  Direct3D 11.0 [level 11.1]
    Renderer: AMD Radeon RX 5700 XT (ID=0x731f)
    Vendor:   ATI
    VRAM:     8151 MB
    Driver:   31.0.12029.10015
Initialize mono
Mono path[0] = 'C:/Program Files/Unity/Hub/Editor/2021.3.12f1/Editor/Data/Managed'
Mono path[1] = 'C:/Program Files/Unity/Hub/Editor/2021.3.12f1/Editor/Data/MonoBleedingEdge/lib/mono/unityjit-win32'
Mono config path = 'C:/Program Files/Unity/Hub/Editor/2021.3.12f1/Editor/Data/MonoBleedingEdge/etc'
Using monoOptions --debugger-agent=transport=dt_socket,embedding=1,server=y,suspend=n,address=127.0.0.1:56992
Begin MonoManager ReloadAssembly
Registering precompiled unity dll's ...
Register platform support module: C:/Program Files/Unity/Hub/Editor/2021.3.12f1/Editor/Data/PlaybackEngines/WebGLSupport/UnityEditor.WebGL.Extensions.dll
Register platform support module: C:/Program Files/Unity/Hub/Editor/2021.3.12f1/Editor/Data/PlaybackEngines/WindowsStandaloneSupport/UnityEditor.WindowsStandalone.Extensions.dll
Registered in 0.010313 seconds.
Native extension for WindowsStandalone target not found
Native extension for WebGL target not found
Refreshing native plugins compatible for Editor in 24.68 ms, found 0 plugins.
Preloading 0 native plugins for Editor in 0.00 ms.
Mono: successfully reloaded assembly
- Completed reload, in  0.612 seconds
Domain Reload Profiling:
	ReloadAssembly (612ms)
		BeginReloadAssembly (79ms)
			ExecutionOrderSort (0ms)
			DisableScriptedObjects (0ms)
			BackupInstance (0ms)
			ReleaseScriptingObjects (0ms)
			CreateAndSetChildDomain (1ms)
		EndReloadAssembly (405ms)
			LoadAssemblies (75ms)
			RebuildTransferFunctionScriptingTraits (0ms)
			SetupTypeCache (109ms)
			ReleaseScriptCaches (0ms)
			RebuildScriptCaches (29ms)
			SetupLoadedEditorAssemblies (215ms)
				LogAssemblyErrors (0ms)
				InitializePlatformSupportModulesInManaged (10ms)
				SetLoadedEditorAssemblies (0ms)
				RefreshPlugins (25ms)
				BeforeProcessingInitializeOnLoad (1ms)
				ProcessInitializeOnLoadAttributes (128ms)
				ProcessInitializeOnLoadMethodAttributes (50ms)
				AfterProcessingInitializeOnLoad (0ms)
				EditorAssembliesLoaded (0ms)
			ExecutionOrderSort2 (0ms)
			AwakeInstancesAfterBackupRestoration (0ms)
Platform modules already initialized, skipping
Registering precompiled user dll's ...
Registered in 0.001137 seconds.
Begin MonoManager ReloadAssembly
Native extension for WindowsStandalone target not found
Native extension for WebGL target not found
Refreshing native plugins compatible for Editor in 0.22 ms, found 0 plugins.
Preloading 0 native plugins for Editor in 0.00 ms.
Mono: successfully reloaded assembly
- Completed reload, in  0.757 seconds
Domain Reload Profiling:
	ReloadAssembly (758ms)
		BeginReloadAssembly (118ms)
			ExecutionOrderSort (0ms)
			DisableScriptedObjects (7ms)
			BackupInstance (0ms)
			ReleaseScriptingObjects (0ms)
			CreateAndSetChildDomain (22ms)
		EndReloadAssembly (512ms)
			LoadAssemblies (66ms)
			RebuildTransferFunctionScriptingTraits (0ms)
			SetupTypeCache (139ms)
			ReleaseScriptCaches (0ms)
			RebuildScriptCaches (47ms)
			SetupLoadedEditorAssemblies (221ms)
				LogAssemblyErrors (0ms)
				InitializePlatformSupportModulesInManaged (8ms)
				SetLoadedEditorAssemblies (0ms)
				RefreshPlugins (0ms)
				BeforeProcessingInitializeOnLoad (52ms)
				ProcessInitializeOnLoadAttributes (128ms)
				ProcessInitializeOnLoadMethodAttributes (21ms)
				AfterProcessingInitializeOnLoad (11ms)
				EditorAssembliesLoaded (0ms)
			ExecutionOrderSort2 (0ms)
			AwakeInstancesAfterBackupRestoration (6ms)
Platform modules already initialized, skipping
========================================================================
Worker process is ready to serve import requests
Launched and connected shader compiler UnityShaderCompiler.exe after 0.05 seconds
Refreshing native plugins compatible for Editor in 0.33 ms, found 0 plugins.
Preloading 0 native plugins for Editor in 0.00 ms.
Unloading 1234 Unused Serialized files (Serialized files now loaded: 0)
Unloading 22 unused Assets / (129.6 KB). Loaded Objects now: 1728.
Memory consumption went from 74.6 MB to 74.4 MB.
Total: 3.128400 ms (FindLiveObjects: 0.171300 ms CreateObjectMapping: 0.039900 ms MarkObjects: 2.809700 ms  DeleteObjects: 0.106100 ms)

AssetImportParameters requested are different than current active one (requested -> active):
  custom:video-decoder-ogg-theora: a1e56fd34408186e4bbccfd4996cb3dc -> 
  custom:container-muxer-webm: aa71ff27fc2769a1b78a27578f13a17b -> 
  custom:container-demuxer-webm: 4f35f7cbe854078d1ac9338744f61a02 -> 
  custom:video-encoder-webm-vp8: eb34c28f22e8b96e1ab97ce403110664 -> 
  custom:audio-encoder-webm-vorbis: bf7c407c2cedff20999df2af8eb42d56 -> 
  custom:framework-win-MediaFoundation: 216162199b28c13a410421893ffa2e32 -> 
  custom:container-demuxer-ogg: 62fdf1f143b41e24485cea50d1cbac27 -> 
  custom:video-decoder-webm-vp8: 9c59270c3fd7afecdb556c50c9e8de78 -> 
  custom:audio-decoder-ogg-vorbis: bf7c407c2cedff20999df2af8eb42d56 -> 
========================================================================
Received Prepare
Registering precompiled user dll's ...
Registered in 0.001020 seconds.
Begin MonoManager ReloadAssembly
Native extension for WindowsStandalone target not found
Native extension for WebGL target not found
Refreshing native plugins compatible for Editor in 0.35 ms, found 0 plugins.
Preloading 0 native plugins for Editor in 0.00 ms.
Mono: successfully reloaded assembly
- Completed reload, in  0.727 seconds
Domain Reload Profiling:
	ReloadAssembly (728ms)
		BeginReloadAssembly (123ms)
			ExecutionOrderSort (0ms)
			DisableScriptedObjects (6ms)
			BackupInstance (0ms)
			ReleaseScriptingObjects (0ms)
			CreateAndSetChildDomain (23ms)
		EndReloadAssembly (499ms)
			LoadAssemblies (72ms)
			RebuildTransferFunctionScriptingTraits (0ms)
			SetupTypeCache (135ms)
			ReleaseScriptCaches (1ms)
			RebuildScriptCaches (36ms)
			SetupLoadedEditorAssemblies (223ms)
				LogAssemblyErrors (0ms)
				InitializePlatformSupportModulesInManaged (16ms)
				SetLoadedEditorAssemblies (0ms)
				RefreshPlugins (0ms)
				BeforeProcessingInitializeOnLoad (46ms)
				ProcessInitializeOnLoadAttributes (128ms)
				ProcessInitializeOnLoadMethodAttributes (22ms)
				AfterProcessingInitializeOnLoad (10ms)
				EditorAssembliesLoaded (0ms)
			ExecutionOrderSort2 (0ms)
			AwakeInstancesAfterBackupRestoration (6ms)
Platform modules already initialized, skipping
Refreshing native plugins compatible for Editor in 0.60 ms, found 0 plugins.
Preloading 0 native plugins for Editor in 0.00 ms.
Unloading 1216 Unused Serialized files (Serialized files now loaded: 0)
Unloading 4 unused Assets / (95.6 KB). Loaded Objects now: 1743.
Memory consumption went from 73.0 MB to 72.9 MB.
Total: 2.833900 ms (FindLiveObjects: 0.166900 ms CreateObjectMapping: 0.029200 ms MarkObjects: 2.596600 ms  DeleteObjects: 0.039600 ms)

AssetImportParameters requested are different than current active one (requested -> active):
  custom:video-decoder-ogg-theora: a1e56fd34408186e4bbccfd4996cb3dc -> 
  custom:container-muxer-webm: aa71ff27fc2769a1b78a27578f13a17b -> 
  custom:container-demuxer-webm: 4f35f7cbe854078d1ac9338744f61a02 -> 
  custom:video-encoder-webm-vp8: eb34c28f22e8b96e1ab97ce403110664 -> 
  custom:audio-encoder-webm-vorbis: bf7c407c2cedff20999df2af8eb42d56 -> 
  custom:framework-win-MediaFoundation: 216162199b28c13a410421893ffa2e32 -> 
  custom:container-demuxer-ogg: 62fdf1f143b41e24485cea50d1cbac27 -> 
  custom:video-decoder-webm-vp8: 9c59270c3fd7afecdb556c50c9e8de78 -> 
  custom:audio-decoder-ogg-vorbis: bf7c407c2cedff20999df2af8eb42d56 -> 
========================================================================
Received Import Request.
  Time since last request: 249747.027999 seconds.
  path: Assets/Game/UI/InventoryItem.prefab
  artifactKey: Guid(b5567b105212d8b46a5e1fa0830f324b) Importer(815301076,1909f56bfc062723c751e8b465ee728b)
Start importing Assets/Game/UI/InventoryItem.prefab using Guid(b5567b105212d8b46a5e1fa0830f324b) Importer(815301076,1909f56bfc062723c751e8b465ee728b)  -> (artifact id: '0216908799a2ddfbdacd1bb264b4fb60') in 0.053349 seconds 
========================================================================
Received Import Request.
  Time since last request: 0.000038 seconds.
  path: Assets/Game/UI/Panel.prefab
  artifactKey: Guid(451a92fe6d51ad3429b3d4b0a5b5054a) Importer(815301076,1909f56bfc062723c751e8b465ee728b)
Start importing Assets/Game/UI/Panel.prefab using Guid(451a92fe6d51ad3429b3d4b0a5b5054a) Importer(815301076,1909f56bfc062723c751e8b465ee728b)  -> (artifact id: 'bc9de4f8b1d5a78d59989e467ab31e56') in 0.061575 seconds 
========================================================================
Received Import Request.
  Time since last request: 57.320391 seconds.
  path: Assets/Game/UI/Panel.prefab
  artifactKey: Guid(451a92fe6d51ad3429b3d4b0a5b5054a) Importer(815301076,1909f56bfc062723c751e8b465ee728b)
Start importing Assets/Game/UI/Panel.prefab using Guid(451a92fe6d51ad3429b3d4b0a5b5054a) Importer(815301076,1909f56bfc062723c751e8b465ee728b)  -> (artifact id: 'e6bdf178179fcea6a7718804d8f7640e') in 0.027534 seconds 
========================================================================
Received Import Request.
  Time since last request: 6.811070 seconds.
  path: Assets/Game/UI/InventorySlot.prefab
  artifactKey: Guid(ff81bda835d354a4c8a0df2c5571ff3e) Importer(815301076,1909f56bfc062723c751e8b465ee728b)
Start importing Assets/Game/UI/InventorySlot.prefab using Guid(ff81bda835d354a4c8a0df2c5571ff3e) Importer(815301076,1909f56bfc062723c751e8b465ee728b)  -> (artifact id: '8f66b2e2993056adad41ca310ecf7b95') in 0.004518 seconds 
========================================================================
Received Import Request.
  Time since last request: 0.000017 seconds.
  path: Assets/Game/UI/UI.prefab
  artifactKey: Guid(a1d47417b33e4144ab62cac952790fec) Importer(815301076,1909f56bfc062723c751e8b465ee728b)
Start importing Assets/Game/UI/UI.prefab using Guid(a1d47417b33e4144ab62cac952790fec) Importer(815301076,1909f56bfc062723c751e8b465ee728b)  -> (artifact id: '281a340b1c2dd315001edd5aee52e29c') in 0.028596 seconds 
========================================================================
Received Import Request.
  Time since last request: 27.462355 seconds.
  path: Assets/Asset Packs/Terrain Textures/TT_Brown Dirt.BMP
  artifactKey: Guid(3c31f7cb4de039848a73c7f61c59707f) Importer(815301076,1909f56bfc062723c751e8b465ee728b)
Start importing Assets/Asset Packs/Terrain Textures/TT_Brown Dirt.BMP using Guid(3c31f7cb4de039848a73c7f61c59707f) Importer(815301076,1909f56bfc062723c751e8b465ee728b)  -> (artifact id: 'fa329ae53460d1d1b54154d6d67fb108') in 0.060693 seconds 
========================================================================
Received Import Request.
  Time since last request: 0.000021 seconds.
  path: Assets/Asset Packs/Terrain Textures/TT_Cracked Soil.png
  artifactKey: Guid(4696148fc4ae8554f9f9ed7218cb1e17) Importer(815301076,1909f56bfc062723c751e8b465ee728b)
Start importing Assets/Asset Packs/Terrain Textures/TT_Cracked Soil.png using Guid(4696148fc4ae8554f9f9ed7218cb1e17) Importer(815301076,1909f56bfc062723c751e8b465ee728b)  -> (artifact id: 'ecfedd7cc6cddd314a8162bd84de063e') in 0.019569 seconds 
========================================================================
Received Import Request.
  Time since last request: 0.000020 seconds.
  path: Assets/Asset Packs/Terrain Textures/TT_Cobblestone Floor Dark.png
  artifactKey: Guid(69ba02ae41d44554e970050ac01b97a8) Importer(815301076,1909f56bfc062723c751e8b465ee728b)
Start importing Assets/Asset Packs/Terrain Textures/TT_Cobblestone Floor Dark.png using Guid(69ba02ae41d44554e970050ac01b97a8) Importer(815301076,1909f56bfc062723c751e8b465ee728b)  -> (artifact id: '002898272e1e75b1596e6f0d86ed236b') in 0.017285 seconds 
========================================================================
Received Import Request.
  Time since last request: 17.118404 seconds.
  path: Assets/Asset Packs/Pixel Cursors/Cursors/basic_01 GREEN.png
  artifactKey: Guid(8ea795c067613354898068091ffc7130) Importer(815301076,1909f56bfc062723c751e8b465ee728b)
Start importing Assets/Asset Packs/Pixel Cursors/Cursors/basic_01 GREEN.png using Guid(8ea795c067613354898068091ffc7130) Importer(815301076,1909f56bfc062723c751e8b465ee728b)  -> (artifact id: '24eb048ec75d5ce6f6dec4723a7e7e70') in 0.014531 seconds 
========================================================================
Received Import Request.
  Time since last request: 0.000020 seconds.
  path: Assets/Asset Packs/Pixel Cursors/Cursors/Bonus_42.png
  artifactKey: Guid(8ef7b760a0ec74c40a35969369427cd3) Importer(815301076,1909f56bfc062723c751e8b465ee728b)
Start importing Assets/Asset Packs/Pixel Cursors/Cursors/Bonus_42.png using Guid(8ef7b760a0ec74c40a35969369427cd3) Importer(815301076,1909f56bfc062723c751e8b465ee728b)  -> (artifact id: '6cb006d4040671fd68e6fb50a718acef') in 0.014784 seconds 
========================================================================
Received Import Request.
  Time since last request: 0.000018 seconds.
  path: Assets/Asset Packs/Pixel Cursors/Cursors/Bonus_26.png
  artifactKey: Guid(99b4ff6ea44bbe24691a30e9fcef0693) Importer(815301076,1909f56bfc062723c751e8b465ee728b)
Start importing Assets/Asset Packs/Pixel Cursors/Cursors/Bonus_26.png using Guid(99b4ff6ea44bbe24691a30e9fcef0693) Importer(815301076,1909f56bfc062723c751e8b465ee728b)  -> (artifact id: 'e17c9f8e90a4d7155a2941bd44531594') in 0.014877 seconds 
========================================================================
Received Import Request.
  Time since last request: 0.000023 seconds.
  path: Assets/Asset Packs/Pixel Cursors/Cursors/Bonus_34.png
  artifactKey: Guid(39c4abc600fd1604981e476942426394) Importer(815301076,1909f56bfc062723c751e8b465ee728b)
Start importing Assets/Asset Packs/Pixel Cursors/Cursors/Bonus_34.png using Guid(39c4abc600fd1604981e476942426394) Importer(815301076,1909f56bfc062723c751e8b465ee728b)  -> (artifact id: '78a08563350769d569925b30872117e3') in 0.016428 seconds 
========================================================================
Received Import Request.
  Time since last request: 0.000024 seconds.
  path: Assets/Asset Packs/Pixel Cursors/Cursors/Bonus_04.png
  artifactKey: Guid(5235a45d7adbb4346a2152298d55bff9) Importer(815301076,1909f56bfc062723c751e8b465ee728b)
Start importing Assets/Asset Packs/Pixel Cursors/Cursors/Bonus_04.png using Guid(5235a45d7adbb4346a2152298d55bff9) Importer(815301076,1909f56bfc062723c751e8b465ee728b)  -> (artifact id: 'abb452d069145f543ad47d4d6d867409') in 0.014894 seconds 
========================================================================
Received Import Request.
  Time since last request: 0.000023 seconds.
  path: Assets/Asset Packs/Pixel Cursors/Cursors/Bonus_29.png
  artifactKey: Guid(7c487959e49b9e447a29431caf3fdc77) Importer(815301076,1909f56bfc062723c751e8b465ee728b)
Start importing Assets/Asset Packs/Pixel Cursors/Cursors/Bonus_29.png using Guid(7c487959e49b9e447a29431caf3fdc77) Importer(815301076,1909f56bfc062723c751e8b465ee728b)  -> (artifact id: 'd09bb27e354b1abd5f26ecacb99705d3') in 0.014808 seconds 
========================================================================
Received Import Request.
  Time since last request: 0.000028 seconds.
  path: Assets/Asset Packs/Pixel Cursors/Cursors/Bonus_19.png
  artifactKey: Guid(d65d95ca16518034fa82669a92d0b6e7) Importer(815301076,1909f56bfc062723c751e8b465ee728b)
Start importing Assets/Asset Packs/Pixel Cursors/Cursors/Bonus_19.png using Guid(d65d95ca16518034fa82669a92d0b6e7) Importer(815301076,1909f56bfc062723c751e8b465ee728b)  -> (artifact id: '3609537b5a052d295415b7524276c806') in 0.014864 seconds 
========================================================================
Received Import Request.
  Time since last request: 0.000034 seconds.
  path: Assets/Asset Packs/Pixel Cursors/Cursors/Bonus_43.png
  artifactKey: Guid(a75c68d8f8b30c24788e1ae1ea050ac4) Importer(815301076,1909f56bfc062723c751e8b465ee728b)
Start importing Assets/Asset Packs/Pixel Cursors/Cursors/Bonus_43.png using Guid(a75c68d8f8b30c24788e1ae1ea050ac4) Importer(815301076,1909f56bfc062723c751e8b465ee728b)  -> (artifact id: 'b3ac434ec3941869d6fce6bd391014ba') in 0.015283 seconds 
========================================================================
Received Import Request.
  Time since last request: 0.000029 seconds.
  path: Assets/Asset Packs/Pixel Cursors/Cursors/Bonus_17.png
  artifactKey: Guid(fee23eb8e5d9ba84ab01910b874b4b30) Importer(815301076,1909f56bfc062723c751e8b465ee728b)
Start importing Assets/Asset Packs/Pixel Cursors/Cursors/Bonus_17.png using Guid(fee23eb8e5d9ba84ab01910b874b4b30) Importer(815301076,1909f56bfc062723c751e8b465ee728b)  -> (artifact id: 'e284767a52f3cbc70f81f879bf812212') in 0.015042 seconds 
========================================================================
Received Import Request.
  Time since last request: 0.000030 seconds.
  path: Assets/Asset Packs/Pixel Cursors/Cursors/basic_01.png
  artifactKey: Guid(2e71a8202d3b4a3448ec85ced5a40265) Importer(815301076,1909f56bfc062723c751e8b465ee728b)
Start importing Assets/Asset Packs/Pixel Cursors/Cursors/basic_01.png using Guid(2e71a8202d3b4a3448ec85ced5a40265) Importer(815301076,1909f56bfc062723c751e8b465ee728b)  -> (artifact id: '09b1607fef3e15dd21720b78318428f4') in 0.015559 seconds 
========================================================================
Received Import Request.
  Time since last request: 0.000036 seconds.
  path: Assets/Asset Packs/Pixel Cursors/Cursors/Bonus_24.png
  artifactKey: Guid(4c1d62d9215a73a4b933db561be30e7b) Importer(815301076,1909f56bfc062723c751e8b465ee728b)
Start importing Assets/Asset Packs/Pixel Cursors/Cursors/Bonus_24.png using Guid(4c1d62d9215a73a4b933db561be30e7b) Importer(815301076,1909f56bfc062723c751e8b465ee728b)  -> (artifact id: 'f510191600e66e1e309f91529ab3a7a5') in 0.016904 seconds 
========================================================================
Received Import Request.
  Time since last request: 0.000026 seconds.
  path: Assets/Asset Packs/Pixel Cursors/Cursors/Bonus_05.png
  artifactKey: Guid(3451779baa5804d40bf1e952eb56a81a) Importer(815301076,1909f56bfc062723c751e8b465ee728b)
Start importing Assets/Asset Packs/Pixel Cursors/Cursors/Bonus_05.png using Guid(3451779baa5804d40bf1e952eb56a81a) Importer(815301076,1909f56bfc062723c751e8b465ee728b)  -> (artifact id: '0fa24fa3863bf41dfeeb01bf429c246a') in 0.016101 seconds 
========================================================================
Received Import Request.
  Time since last request: 0.000024 seconds.
  path: Assets/Asset Packs/Pixel Cursors/Cursors/Bonus_28.png
  artifactKey: Guid(a2e17fe4fd24da348aa43901f817958f) Importer(815301076,1909f56bfc062723c751e8b465ee728b)
Start importing Assets/Asset Packs/Pixel Cursors/Cursors/Bonus_28.png using Guid(a2e17fe4fd24da348aa43901f817958f) Importer(815301076,1909f56bfc062723c751e8b465ee728b)  -> (artifact id: '7b0b17640102fe93cd5fe1d05a1a9536') in 0.016421 seconds 
========================================================================
Received Import Request.
  Time since last request: 0.000023 seconds.
  path: Assets/Asset Packs/Pixel Cursors/Cursors/Bonus_09.png
  artifactKey: Guid(aabf699d32f0ce349920801e3ef898f0) Importer(815301076,1909f56bfc062723c751e8b465ee728b)
Start importing Assets/Asset Packs/Pixel Cursors/Cursors/Bonus_09.png using Guid(aabf699d32f0ce349920801e3ef898f0) Importer(815301076,1909f56bfc062723c751e8b465ee728b)  -> (artifact id: '9e0b1568b9521c1e98f0c9263fa1e8b7') in 0.014231 seconds 
========================================================================
Received Import Request.
  Time since last request: 4.982723 seconds.
  path: Assets/Asset Packs/PolygonStudentSample/Materials/PolyAdventureMaterial_Water_01.mat
  artifactKey: Guid(9045494f93452344d811e0d183904816) Importer(815301076,1909f56bfc062723c751e8b465ee728b)
Start importing Assets/Asset Packs/PolygonStudentSample/Materials/PolyAdventureMaterial_Water_01.mat using Guid(9045494f93452344d811e0d183904816) Importer(815301076,1909f56bfc062723c751e8b465ee728b)  -> (artifact id: '49037a477f7b829628704297d7d1e384') in 0.321251 seconds 
========================================================================
Received Import Request.
  Time since last request: 1.008762 seconds.
  path: Assets/Asset Packs/PolygonStudentSample/Models/SM_Bld_Fence_02.fbx
  artifactKey: Guid(9ada23a6ef88d194e832263f906fb0af) Importer(815301076,1909f56bfc062723c751e8b465ee728b)
Start importing Assets/Asset Packs/PolygonStudentSample/Models/SM_Bld_Fence_02.fbx using Guid(9ada23a6ef88d194e832263f906fb0af) Importer(815301076,1909f56bfc062723c751e8b465ee728b)  -> (artifact id: '3915148b1ae7333ce57fe453eafa671a') in 0.177224 seconds 
========================================================================
Received Import Request.
  Time since last request: 0.000030 seconds.
  path: Assets/Asset Packs/PolygonStudentSample/Models/SM_Wep_Rapier_01.fbx
  artifactKey: Guid(add7cae5f34ba314aabdb7fc42a46c39) Importer(815301076,1909f56bfc062723c751e8b465ee728b)
Start importing Assets/Asset Packs/PolygonStudentSample/Models/SM_Wep_Rapier_01.fbx using Guid(add7cae5f34ba314aabdb7fc42a46c39) Importer(815301076,1909f56bfc062723c751e8b465ee728b)  -> (artifact id: '1220bd3e1b6ba0146943e84049d38da9') in 0.021789 seconds 
========================================================================
Received Import Request.
  Time since last request: 0.000029 seconds.
  path: Assets/Asset Packs/PolygonStudentSample/Models/SM_Env_Grass_Large_01.fbx
  artifactKey: Guid(d4a5410c829a9a645a530d28941d3ceb) Importer(815301076,1909f56bfc062723c751e8b465ee728b)
Start importing Assets/Asset Packs/PolygonStudentSample/Models/SM_Env_Grass_Large_01.fbx using Guid(d4a5410c829a9a645a530d28941d3ceb) Importer(815301076,1909f56bfc062723c751e8b465ee728b)  -> (artifact id: 'f0a08a083ef72af728c0fa19c8adee44') in 0.023710 seconds 
========================================================================
Received Import Request.
  Time since last request: 0.000030 seconds.
  path: Assets/Asset Packs/PolygonStudentSample/Models/SM_Env_Tile_Grass_01.fbx
  artifactKey: Guid(6f89b704fb389db48aafe49efde83db6) Importer(815301076,1909f56bfc062723c751e8b465ee728b)
Start importing Assets/Asset Packs/PolygonStudentSample/Models/SM_Env_Tile_Grass_01.fbx using Guid(6f89b704fb389db48aafe49efde83db6) Importer(815301076,1909f56bfc062723c751e8b465ee728b)  -> (artifact id: '9e7ca3a3f18ea1ae0b1f945411ffb88b') in 0.021842 seconds 
========================================================================
Received Import Request.
  Time since last request: 0.000027 seconds.
  path: Assets/Asset Packs/PolygonStudentSample/Models/SM_Env_Flower_01.fbx
  artifactKey: Guid(ce6fbdc6baa4d3b468d9f9e66afc7869) Importer(815301076,1909f56bfc062723c751e8b465ee728b)
Start importing Assets/Asset Packs/PolygonStudentSample/Models/SM_Env_Flower_01.fbx using Guid(ce6fbdc6baa4d3b468d9f9e66afc7869) Importer(815301076,1909f56bfc062723c751e8b465ee728b)  -> (artifact id: '0e47dff2e64fa566daf871839a2d7dcf') in 0.021595 seconds 
========================================================================
Received Import Request.
  Time since last request: 0.000039 seconds.
  path: Assets/Asset Packs/PolygonStudentSample/Models/SM_Wep_Sword_01.fbx
  artifactKey: Guid(38703959b00cc0145ba1149ca77cac13) Importer(815301076,1909f56bfc062723c751e8b465ee728b)
Start importing Assets/Asset Packs/PolygonStudentSample/Models/SM_Wep_Sword_01.fbx using Guid(38703959b00cc0145ba1149ca77cac13) Importer(815301076,1909f56bfc062723c751e8b465ee728b)  -> (artifact id: 'b52900dc4731834e54d87f97b4d3d995') in 0.023197 seconds 
========================================================================
Received Import Request.
  Time since last request: 0.000021 seconds.
  path: Assets/Asset Packs/PolygonStudentSample/Models/SM_Env_GroundMound_01.fbx
  artifactKey: Guid(43d17cc0367b60048a055d0dbc845258) Importer(815301076,1909f56bfc062723c751e8b465ee728b)
Start importing Assets/Asset Packs/PolygonStudentSample/Models/SM_Env_GroundMound_01.fbx using Guid(43d17cc0367b60048a055d0dbc845258) Importer(815301076,1909f56bfc062723c751e8b465ee728b)  -> (artifact id: '93c767186410b20508591583d815e889') in 0.020644 seconds 
========================================================================
Received Import Request.
  Time since last request: 0.786052 seconds.
  path: Assets/Asset Packs/PolygonStudentSample/Prefabs/Character_Knights_Soldier_02.prefab
  artifactKey: Guid(679ff741e12a7e740819ede24a7000b7) Importer(815301076,1909f56bfc062723c751e8b465ee728b)
Start importing Assets/Asset Packs/PolygonStudentSample/Prefabs/Character_Knights_Soldier_02.prefab using Guid(679ff741e12a7e740819ede24a7000b7) Importer(815301076,1909f56bfc062723c751e8b465ee728b)  -> (artifact id: '9ed8dbe44eb7c828c73d38a52bff54ed') in 0.033512 seconds 
========================================================================
Received Import Request.
  Time since last request: 0.000024 seconds.
  path: Assets/Asset Packs/PolygonStudentSample/Prefabs/SM_Env_Tree_03.prefab
  artifactKey: Guid(653c97bd88b4b084d87714542c43ee5a) Importer(815301076,1909f56bfc062723c751e8b465ee728b)
Start importing Assets/Asset Packs/PolygonStudentSample/Prefabs/SM_Env_Tree_03.prefab using Guid(653c97bd88b4b084d87714542c43ee5a) Importer(815301076,1909f56bfc062723c751e8b465ee728b)  -> (artifact id: 'c4257d4609403bbc015eb59f8c42b0fe') in 0.015184 seconds 
========================================================================
Received Import Request.
  Time since last request: 0.000024 seconds.
  path: Assets/Asset Packs/PolygonStudentSample/Prefabs/SM_Env_Tile_Grass_01.prefab
  artifactKey: Guid(bc6b7d6f0fb98544a873a3d69729fe66) Importer(815301076,1909f56bfc062723c751e8b465ee728b)
Start importing Assets/Asset Packs/PolygonStudentSample/Prefabs/SM_Env_Tile_Grass_01.prefab using Guid(bc6b7d6f0fb98544a873a3d69729fe66) Importer(815301076,1909f56bfc062723c751e8b465ee728b)  -> (artifact id: 'ebae9a8f502807193b1e84cfe38787fc') in 0.013788 seconds 
========================================================================
Received Import Request.
  Time since last request: 0.000028 seconds.
  path: Assets/Asset Packs/PolygonStudentSample/Prefabs/SM_Env_Flower_01.prefab
  artifactKey: Guid(d6389bfdb7e456640b3a45339aac60a4) Importer(815301076,1909f56bfc062723c751e8b465ee728b)
Start importing Assets/Asset Packs/PolygonStudentSample/Prefabs/SM_Env_Flower_01.prefab using Guid(d6389bfdb7e456640b3a45339aac60a4) Importer(815301076,1909f56bfc062723c751e8b465ee728b)  -> (artifact id: '543ee235fbab87258258dc07bff8a831') in 0.014767 seconds 
========================================================================
Received Import Request.
  Time since last request: 0.000021 seconds.
  path: Assets/Asset Packs/PolygonStudentSample/Prefabs/SM_Env_Grass_01.prefab
  artifactKey: Guid(9ad607532c614c54ebd43e913aaf8857) Importer(815301076,1909f56bfc062723c751e8b465ee728b)
Start importing Assets/Asset Packs/PolygonStudentSample/Prefabs/SM_Env_Grass_01.prefab using Guid(9ad607532c614c54ebd43e913aaf8857) Importer(815301076,1909f56bfc062723c751e8b465ee728b)  -> (artifact id: 'b66825fd1196586efa26566dcaf81a5f') in 0.014618 seconds 
========================================================================
Received Import Request.
  Time since last request: 0.000022 seconds.
  path: Assets/Asset Packs/PolygonStudentSample/Prefabs/SM_Prop_Pumpkin_01.prefab
  artifactKey: Guid(626f1b816ba1ee64a9f7cea6ceb529cd) Importer(815301076,1909f56bfc062723c751e8b465ee728b)
Start importing Assets/Asset Packs/PolygonStudentSample/Prefabs/SM_Prop_Pumpkin_01.prefab using Guid(626f1b816ba1ee64a9f7cea6ceb529cd) Importer(815301076,1909f56bfc062723c751e8b465ee728b)  -> (artifact id: 'd620f200f82c18cc2237f9d31a8c720d') in 0.014699 seconds 
========================================================================
Received Import Request.
  Time since last request: 0.000027 seconds.
  path: Assets/Asset Packs/PolygonStudentSample/Prefabs/SM_Bld_Hut_01.prefab
  artifactKey: Guid(5a346deceb21d0c4781e67a70fbcc1f6) Importer(815301076,1909f56bfc062723c751e8b465ee728b)
Start importing Assets/Asset Packs/PolygonStudentSample/Prefabs/SM_Bld_Hut_01.prefab using Guid(5a346deceb21d0c4781e67a70fbcc1f6) Importer(815301076,1909f56bfc062723c751e8b465ee728b)  -> (artifact id: '177dbd25befd93c12141bd4f34aab292') in 0.014645 seconds 
========================================================================
Received Import Request.
  Time since last request: 0.000045 seconds.
  path: Assets/Asset Packs/PolygonStudentSample/Prefabs/SM_Env_Tree_010.prefab
  artifactKey: Guid(d556d30cab334dd449000218c87322ef) Importer(815301076,1909f56bfc062723c751e8b465ee728b)
Start importing Assets/Asset Packs/PolygonStudentSample/Prefabs/SM_Env_Tree_010.prefab using Guid(d556d30cab334dd449000218c87322ef) Importer(815301076,1909f56bfc062723c751e8b465ee728b)  -> (artifact id: '2a8400212a1e888f21c8d824319eea60') in 0.015870 seconds 
========================================================================
Received Import Request.
  Time since last request: 1.424333 seconds.
  path: Assets/Asset Packs/PolygonStudentSample/Textures/Characters_Texture_Orange.png
  artifactKey: Guid(d7eabf4cd0cdfe448be3b905cd731d4f) Importer(815301076,1909f56bfc062723c751e8b465ee728b)
Start importing Assets/Asset Packs/PolygonStudentSample/Textures/Characters_Texture_Orange.png using Guid(d7eabf4cd0cdfe448be3b905cd731d4f) Importer(815301076,1909f56bfc062723c751e8b465ee728b)  -> (artifact id: '3b48095133c77350faa404f00bb31a72') in 0.016660 seconds 
========================================================================
Received Import Request.
  Time since last request: 10.796960 seconds.
  path: Assets/Asset Packs/Animations/Unarmed/HumanoidRun.fbx
  artifactKey: Guid(1cb8ed3cbba15f0479fbae54e0a963df) Importer(815301076,1909f56bfc062723c751e8b465ee728b)
Start importing Assets/Asset Packs/Animations/Unarmed/HumanoidRun.fbx using Guid(1cb8ed3cbba15f0479fbae54e0a963df) Importer(815301076,1909f56bfc062723c751e8b465ee728b)  -> (artifact id: '4eb0c0ec72d1e7118431903b3e5bed71') in 0.011776 seconds 
========================================================================
Received Import Request.
  Time since last request: 15.314737 seconds.
  path: Assets/Scenes/Sandbox/Lightmap-0_comp_dir.png
  artifactKey: Guid(3630d81c0b501914caf0fe162fe2e8d5) Importer(815301076,1909f56bfc062723c751e8b465ee728b)
Start importing Assets/Scenes/Sandbox/Lightmap-0_comp_dir.png using Guid(3630d81c0b501914caf0fe162fe2e8d5) Importer(815301076,1909f56bfc062723c751e8b465ee728b)  -> (artifact id: '7985a4247834225023766e083719e6f4') in 0.017044 seconds 
========================================================================
Received Import Request.
  Time since last request: 0.000026 seconds.
  path: Assets/Scenes/Sandbox/TerrainData_cd566a32-ab3c-49cc-94e1-86e2f639f477.asset
  artifactKey: Guid(5d81e0d2c2ad71843abbe2ee8a91b58d) Importer(815301076,1909f56bfc062723c751e8b465ee728b)
Start importing Assets/Scenes/Sandbox/TerrainData_cd566a32-ab3c-49cc-94e1-86e2f639f477.asset using Guid(5d81e0d2c2ad71843abbe2ee8a91b58d) Importer(815301076,1909f56bfc062723c751e8b465ee728b)  -> (artifact id: 'fa21a3947c64bcd892ead23f57f44f83') in 0.049550 seconds 
========================================================================
Received Import Request.
  Time since last request: 0.000034 seconds.
  path: Assets/Scenes/Sandbox/ReflectionProbe-0.exr
  artifactKey: Guid(e2e774110caad294fb903e1e2b58269d) Importer(815301076,1909f56bfc062723c751e8b465ee728b)
Start importing Assets/Scenes/Sandbox/ReflectionProbe-0.exr using Guid(e2e774110caad294fb903e1e2b58269d) Importer(815301076,1909f56bfc062723c751e8b465ee728b)  -> (artifact id: 'f9ca2d30a77e0e71a93b9d6a0b166364') in 0.045762 seconds 
========================================================================
Received Import Request.
  Time since last request: 0.000020 seconds.
  path: Assets/Scenes/Sandbox/Lightmap-1_comp_shadowmask.png
  artifactKey: Guid(2ded60c51f18843469bcca88cbecb2f2) Importer(815301076,1909f56bfc062723c751e8b465ee728b)
Start importing Assets/Scenes/Sandbox/Lightmap-1_comp_shadowmask.png using Guid(2ded60c51f18843469bcca88cbecb2f2) Importer(815301076,1909f56bfc062723c751e8b465ee728b)  -> (artifact id: 'f764a5e607213a6ba641214823c2e7c1') in 0.018799 seconds 
========================================================================
Received Import Request.
  Time since last request: 3.775356 seconds.
  path: Assets/Scenes/Shared/Green Grass.terrainlayer
  artifactKey: Guid(ce4e52c52cb5dfa4dbf414b2ebce9567) Importer(815301076,1909f56bfc062723c751e8b465ee728b)
Start importing Assets/Scenes/Shared/Green Grass.terrainlayer using Guid(ce4e52c52cb5dfa4dbf414b2ebce9567) Importer(815301076,1909f56bfc062723c751e8b465ee728b)  -> (artifact id: '4447e7c50e610e02ce97ed02ec3e3d2c') in 0.021089 seconds 
========================================================================
Received Import Request.
  Time since last request: 10.963465 seconds.
  path: Assets/Unity UI Samples/Materials/Slider Fill.mat
  artifactKey: Guid(74069a396ef888d4ea96c33784281ac5) Importer(815301076,1909f56bfc062723c751e8b465ee728b)
Start importing Assets/Unity UI Samples/Materials/Slider Fill.mat using Guid(74069a396ef888d4ea96c33784281ac5) Importer(815301076,1909f56bfc062723c751e8b465ee728b)  -> (artifact id: '49f3bf526979c7e8a9a400c9c36f34cb') in 0.157966 seconds 
========================================================================
Received Import Request.
  Time since last request: 0.157685 seconds.
  path: Assets/Unity UI Samples/Prefabs/SF Button.prefab
  artifactKey: Guid(05a81c3d5091440058129444d28322f3) Importer(815301076,1909f56bfc062723c751e8b465ee728b)
Start importing Assets/Unity UI Samples/Prefabs/SF Button.prefab using Guid(05a81c3d5091440058129444d28322f3) Importer(815301076,1909f56bfc062723c751e8b465ee728b)  -> (artifact id: '791ffe7a42f2f9a7736c9c56a4c27e3b') in 0.013289 seconds 
========================================================================
Received Import Request.
  Time since last request: 0.000025 seconds.
  path: Assets/Unity UI Samples/Prefabs/SF Toggle.prefab
  artifactKey: Guid(212619aea848509449704f41e4a1d3f2) Importer(815301076,1909f56bfc062723c751e8b465ee728b)
Start importing Assets/Unity UI Samples/Prefabs/SF Toggle.prefab using Guid(212619aea848509449704f41e4a1d3f2) Importer(815301076,1909f56bfc062723c751e8b465ee728b)  -> (artifact id: '4d9fd72162138b52a58f68d97809692a') in 0.014375 seconds 
========================================================================
Received Import Request.
  Time since last request: 0.000029 seconds.
  path: Assets/Unity UI Samples/Prefabs/SF Slider.prefab
  artifactKey: Guid(b6a1cf4e3eeaf9a4ca38bf8acb910a6d) Importer(815301076,1909f56bfc062723c751e8b465ee728b)
Start importing Assets/Unity UI Samples/Prefabs/SF Slider.prefab using Guid(b6a1cf4e3eeaf9a4ca38bf8acb910a6d) Importer(815301076,1909f56bfc062723c751e8b465ee728b)  -> (artifact id: 'b3052b333b3d1ae437fccfc83a26a289') in 0.013805 seconds 
Editor requested this worker to shutdown with reason: Scaling down because of idle timeout
AssetImportWorker is now disconnected from the server
Process exiting
Exiting without the bug reporter. Application will terminate with return code 0